
10:4127038:d=2026012400:VIS:surface:anl:
14:6429709:d=2026012400:GUST:surface:anl:
525:381208374:d=2026012400:HINDEX:surface:anl:
559:403894438:d=2026012400:REFD:4000 m above ground:anl:
560:404168679:d=2026012400:REFD:1000 m above ground:anl:
561:404918748:d=2026012400:PRES:surface:anl:
562:405762522:d=2026012400:HGT:surface:anl:
563:406254965:d=2026012400:TMP:surface:anl:
576:412011155:d=2026012400:CNWAT:surface:anl:
577:412331337:d=2026012400:WEASD:surface:anl:
578:412852392:d=2026012400:SNOD:surface:anl:
579:413407932:d=2026012400:ICETK:surface:anl:
580:413514458:d=2026012400:TMP:2 m above ground:anl:
581:414392591:d=2026012400:SPFH:2 m above ground:anl:
582:415577213:d=2026012400:DPT:2 m above ground:anl:
583:416116791:d=2026012400:RH:2 m above ground:anl:
584:416884985:d=2026012400:APTMP:2 m above ground:anl:
585:417828186:d=2026012400:UGRD:10 m above ground:anl:
586:418796905:d=2026012400:VGRD:10 m above ground:anl:
588:419764282:d=2026012400:CPOFP:surface:anl:
589:420327682:d=2026012400:PRATE:surface:anl:
590:420902186:d=2026012400:CSNOW:surface:anl:
591:420938992:d=2026012400:CICEP:surface:anl:
592:420939399:d=2026012400:CFRZR:surface:anl:
593:420940340:d=2026012400:CRAIN:surface:anl:
594:421043769:d=2026012400:SFCR:surface:anl:
595:421548018:d=2026012400:FRICV:surface:anl:
596:422490116:d=2026012400:VEG:surface:anl:
597:422751835:d=2026012400:SOTYP:surface:anl:
598:423050294:d=2026012400:WILT:surface:anl:
599:423412172:d=2026012400:FLDCP:surface:anl:
600:423779316:d=2026012400:SUNSD:surface:anl:
601:424130933:d=2026012400:LFTX:surface:anl:
602:424691460:d=2026012400:CAPE:surface:anl:
603:425194111:d=2026012400:CIN:surface:anl:
613:432303261:d=2026012400:HLCY:3000-0 m above ground:anl:
614:432991499:d=2026012400:USTM:6000-0 m above ground:anl:
615:433968636:d=2026012400:VSTM:6000-0 m above ground:anl:
629:449392982:d=2026012400:UGRD:20 m above ground:anl:
630:450359129:d=2026012400:VGRD:20 m above ground:anl:
631:451302430:d=2026012400:UGRD:30 m above ground:anl:
632:452277260:d=2026012400:VGRD:30 m above ground:anl:
633:453229556:d=2026012400:UGRD:40 m above ground:anl:
634:454205244:d=2026012400:VGRD:40 m above ground:anl:
635:455163741:d=2026012400:UGRD:50 m above ground:anl:
636:456140820:d=2026012400:VGRD:50 m above ground:anl:
637:457102214:d=2026012400:TMP:80 m above ground:anl:
638:457956382:d=2026012400:SPFH:80 m above ground:anl:
639:459249078:d=2026012400:PRES:80 m above ground:anl:
640:460091825:d=2026012400:UGRD:80 m above ground:anl:
641:461071856:d=2026012400:VGRD:80 m above ground:anl:
642:462035013:d=2026012400:TMP:100 m above ground:anl:
643:462886222:d=2026012400:UGRD:100 m above ground:anl:
644:463864734:d=2026012400:VGRD:100 m above ground:anl:
658:477029232:d=2026012400:TMP:30-0 mb above ground:anl:
659:477871705:d=2026012400:RH:30-0 mb above ground:anl:
660:478649424:d=2026012400:SPFH:30-0 mb above ground:anl:
661:479937820:d=2026012400:UGRD:30-0 mb above ground:anl:
662:480905017:d=2026012400:VGRD:30-0 mb above ground:anl:
663:481860128:d=2026012400:4LFTX:surface:anl:
664:482390938:d=2026012400:CAPE:180-0 mb above ground:anl:
665:482856481:d=2026012400:CIN:180-0 mb above ground:anl:
666:483176272:d=2026012400:HPBL:surface:anl:
677:492651212:d=2026012400:CAPE:90-0 mb above ground:anl:
678:493075906:d=2026012400:CIN:90-0 mb above ground:anl:
679:493391576:d=2026012400:CAPE:255-0 mb above ground:anl:
680:493851865:d=2026012400:CIN:255-0 mb above ground:anl:
681:494130920:d=2026012400:PLPL:255-0 mb above ground:anl:
682:495043733:d=2026012400:LAND:surface:anl:
683:495075769:d=2026012400:ICEC:surface:anl:
684:495182917:d=2026012400:ICETMP:surface:anl:
10:4158999:d=2026012400:VIS:surface:3 hour fcst:
14:6467728:d=2026012400:GUST:surface:3 hour fcst:
525:382344825:d=2026012400:HINDEX:surface:3 hour fcst:
559:404988361:d=2026012400:REFD:4000 m above ground:3 hour fcst:
560:405263400:d=2026012400:REFD:1000 m above ground:3 hour fcst:
561:406016807:d=2026012400:PRES:surface:3 hour fcst:
562:406859843:d=2026012400:HGT:surface:3 hour fcst:
563:407352286:d=2026012400:TMP:surface:3 hour fcst:
576:413109900:d=2026012400:CNWAT:surface:3 hour fcst:
577:413428329:d=2026012400:WEASD:surface:3 hour fcst:
578:413953684:d=2026012400:SNOD:surface:3 hour fcst:
579:414517645:d=2026012400:PEVPR:surface:3 hour fcst:
580:415025040:d=2026012400:ICETK:surface:3 hour fcst:
581:415131541:d=2026012400:TMP:2 m above ground:3 hour fcst:
582:416007743:d=2026012400:SPFH:2 m above ground:3 hour fcst:
583:417190482:d=2026012400:DPT:2 m above ground:3 hour fcst:
584:417728230:d=2026012400:RH:2 m above ground:3 hour fcst:
585:418502887:d=2026012400:APTMP:2 m above ground:3 hour fcst:
588:421165294:d=2026012400:UGRD:10 m above ground:3 hour fcst:
589:422132495:d=2026012400:VGRD:10 m above ground:3 hour fcst:
591:423095977:d=2026012400:CPOFP:surface:3 hour fcst:
592:423661795:d=2026012400:CPRAT:surface:3 hour fcst:
593:424301985:d=2026012400:PRATE:surface:3 hour fcst:
594:424959080:d=2026012400:CPRAT:surface:0-3 hour ave fcst:
595:425636913:d=2026012400:PRATE:surface:0-3 hour ave fcst:
596:426225042:d=2026012400:APCP:surface:0-3 hour acc fcst:
597:426519592:d=2026012400:APCP:surface:0-3 hour acc fcst:
598:426814142:d=2026012400:ACPCP:surface:0-3 hour acc fcst:
599:427031554:d=2026012400:ACPCP:surface:0-3 hour acc fcst:
600:427248966:d=2026012400:WATR:surface:0-3 hour acc fcst:
601:427574991:d=2026012400:CSNOW:surface:3 hour fcst:
602:427611819:d=2026012400:CICEP:surface:3 hour fcst:
603:427612288:d=2026012400:CFRZR:surface:3 hour fcst:
604:427613260:d=2026012400:CRAIN:surface:3 hour fcst:
605:427717977:d=2026012400:CSNOW:surface:0-3 hour ave fcst:
606:427747775:d=2026012400:CICEP:surface:0-3 hour ave fcst:
607:427748271:d=2026012400:CFRZR:surface:0-3 hour ave fcst:
608:427749383:d=2026012400:CRAIN:surface:0-3 hour ave fcst:
609:427838495:d=2026012400:LHTFL:surface:0-3 hour ave fcst:
610:428381810:d=2026012400:SHTFL:surface:0-3 hour ave fcst:
611:429250425:d=2026012400:GFLUX:surface:0-3 hour ave fcst:
612:429787114:d=2026012400:UFLX:surface:0-3 hour ave fcst:
613:430461900:d=2026012400:VFLX:surface:0-3 hour ave fcst:
614:431103412:d=2026012400:SFCR:surface:3 hour fcst:
615:431607666:d=2026012400:FRICV:surface:3 hour fcst:
616:432549786:d=2026012400:U-GWD:surface:0-3 hour ave fcst:
617:432859297:d=2026012400:V-GWD:surface:0-3 hour ave fcst:
618:433161188:d=2026012400:VEG:surface:3 hour fcst:
619:433422907:d=2026012400:SOTYP:surface:3 hour fcst:
620:433721366:d=2026012400:WILT:surface:3 hour fcst:
621:434083244:d=2026012400:FLDCP:surface:3 hour fcst:
622:434450388:d=2026012400:SUNSD:surface:3 hour fcst:
623:434786875:d=2026012400:LFTX:surface:3 hour fcst:
624:435345175:d=2026012400:CAPE:surface:3 hour fcst:
625:435845157:d=2026012400:CIN:surface:3 hour fcst:
653:459922948:d=2026012400:DSWRF:surface:0-3 hour ave fcst:
654:460745583:d=2026012400:DLWRF:surface:0-3 hour ave fcst:
655:461692557:d=2026012400:USWRF:surface:0-3 hour ave fcst:
656:462396327:d=2026012400:ULWRF:surface:0-3 hour ave fcst:
659:464866255:d=2026012400:HLCY:3000-0 m above ground:3 hour fcst:
660:465554787:d=2026012400:USTM:6000-0 m above ground:3 hour fcst:
661:466532498:d=2026012400:VSTM:6000-0 m above ground:3 hour fcst:
675:482121719:d=2026012400:UGRD:20 m above ground:3 hour fcst:
676:483086573:d=2026012400:VGRD:20 m above ground:3 hour fcst:
677:484028775:d=2026012400:UGRD:30 m above ground:3 hour fcst:
678:485002419:d=2026012400:VGRD:30 m above ground:3 hour fcst:
679:485953825:d=2026012400:UGRD:40 m above ground:3 hour fcst:
680:486931726:d=2026012400:VGRD:40 m above ground:3 hour fcst:
681:487884917:d=2026012400:UGRD:50 m above ground:3 hour fcst:
682:488864482:d=2026012400:VGRD:50 m above ground:3 hour fcst:
683:489820351:d=2026012400:TMP:80 m above ground:3 hour fcst:
684:490676058:d=2026012400:SPFH:80 m above ground:3 hour fcst:
685:491839512:d=2026012400:PRES:80 m above ground:3 hour fcst:
686:492678718:d=2026012400:UGRD:80 m above ground:3 hour fcst:
687:493657945:d=2026012400:VGRD:80 m above ground:3 hour fcst:
688:494619776:d=2026012400:TMP:100 m above ground:3 hour fcst:
689:495472623:d=2026012400:UGRD:100 m above ground:3 hour fcst:
690:496450772:d=2026012400:VGRD:100 m above ground:3 hour fcst:
704:508666988:d=2026012400:TMP:30-0 mb above ground:3 hour fcst:
705:509507947:d=2026012400:RH:30-0 mb above ground:3 hour fcst:
706:510293402:d=2026012400:SPFH:30-0 mb above ground:3 hour fcst:
707:511452419:d=2026012400:UGRD:30-0 mb above ground:3 hour fcst:
708:512418928:d=2026012400:VGRD:30-0 mb above ground:3 hour fcst:
709:513372454:d=2026012400:4LFTX:surface:3 hour fcst:
710:513901963:d=2026012400:CAPE:180-0 mb above ground:3 hour fcst:
711:514366688:d=2026012400:CIN:180-0 mb above ground:3 hour fcst:
712:514698936:d=2026012400:HPBL:surface:3 hour fcst:
723:524058843:d=2026012400:CAPE:90-0 mb above ground:3 hour fcst:
724:524481760:d=2026012400:CIN:90-0 mb above ground:3 hour fcst:
725:524797374:d=2026012400:CAPE:255-0 mb above ground:3 hour fcst:
726:525255839:d=2026012400:CIN:255-0 mb above ground:3 hour fcst:
727:525547256:d=2026012400:PLPL:255-0 mb above ground:3 hour fcst:
728:526459001:d=2026012400:LAND:surface:3 hour fcst:
729:526491037:d=2026012400:ICEC:surface:3 hour fcst:
730:526598185:d=2026012400:ALBDO:surface:0-3 hour ave fcst:
731:527129759:d=2026012400:ICETMP:surface:3 hour fcst:
10:4181988:d=2026012400:VIS:surface:6 hour fcst:
14:6486808:d=2026012400:GUST:surface:6 hour fcst:
525:382039273:d=2026012400:HINDEX:surface:6 hour fcst:
559:404155177:d=2026012400:REFD:4000 m above ground:6 hour fcst:
560:404438069:d=2026012400:REFD:1000 m above ground:6 hour fcst:
561:405195454:d=2026012400:PRES:surface:6 hour fcst:
562:406037727:d=2026012400:HGT:surface:6 hour fcst:
563:406530170:d=2026012400:TMP:surface:6 hour fcst:
576:412099033:d=2026012400:CNWAT:surface:6 hour fcst:
577:412418023:d=2026012400:WEASD:surface:6 hour fcst:
578:412946712:d=2026012400:SNOD:surface:6 hour fcst:
579:413514695:d=2026012400:PEVPR:surface:6 hour fcst:
580:414029279:d=2026012400:ICETK:surface:6 hour fcst:
581:414135777:d=2026012400:TMP:2 m above ground:6 hour fcst:
582:415010683:d=2026012400:SPFH:2 m above ground:6 hour fcst:
583:416192240:d=2026012400:DPT:2 m above ground:6 hour fcst:
584:416732844:d=2026012400:RH:2 m above ground:6 hour fcst:
585:417513261:d=2026012400:APTMP:2 m above ground:6 hour fcst:
588:419783864:d=2026012400:UGRD:10 m above ground:6 hour fcst:
589:420755379:d=2026012400:VGRD:10 m above ground:6 hour fcst:
591:421720131:d=2026012400:CPOFP:surface:6 hour fcst:
592:422283465:d=2026012400:CPRAT:surface:6 hour fcst:
593:422928705:d=2026012400:PRATE:surface:6 hour fcst:
594:423505547:d=2026012400:CPRAT:surface:0-6 hour ave fcst:
595:424265812:d=2026012400:PRATE:surface:0-6 hour ave fcst:
596:424935442:d=2026012400:APCP:surface:0-6 hour acc fcst:
597:425282484:d=2026012400:APCP:surface:0-6 hour acc fcst:
598:425629526:d=2026012400:ACPCP:surface:0-6 hour acc fcst:
599:425886732:d=2026012400:ACPCP:surface:0-6 hour acc fcst:
600:426143938:d=2026012400:WATR:surface:0-6 hour acc fcst:
601:426469287:d=2026012400:CSNOW:surface:6 hour fcst:
602:426505509:d=2026012400:CICEP:surface:6 hour fcst:
603:426506029:d=2026012400:CFRZR:surface:6 hour fcst:
604:426507049:d=2026012400:CRAIN:surface:6 hour fcst:
605:426611779:d=2026012400:CSNOW:surface:0-6 hour ave fcst:
606:426641004:d=2026012400:CICEP:surface:0-6 hour ave fcst:
607:426641536:d=2026012400:CFRZR:surface:0-6 hour ave fcst:
608:426642868:d=2026012400:CRAIN:surface:0-6 hour ave fcst:
609:426726460:d=2026012400:LHTFL:surface:0-6 hour ave fcst:
610:427252129:d=2026012400:SHTFL:surface:0-6 hour ave fcst:
611:428098267:d=2026012400:GFLUX:surface:0-6 hour ave fcst:
612:428630917:d=2026012400:UFLX:surface:0-6 hour ave fcst:
613:429280086:d=2026012400:VFLX:surface:0-6 hour ave fcst:
614:429898049:d=2026012400:SFCR:surface:6 hour fcst:
615:430401885:d=2026012400:FRICV:surface:6 hour fcst:
616:431344213:d=2026012400:U-GWD:surface:0-6 hour ave fcst:
617:431622802:d=2026012400:V-GWD:surface:0-6 hour ave fcst:
618:431894079:d=2026012400:VEG:surface:6 hour fcst:
619:432155798:d=2026012400:SOTYP:surface:6 hour fcst:
620:432454257:d=2026012400:WILT:surface:6 hour fcst:
621:432816135:d=2026012400:FLDCP:surface:6 hour fcst:
622:433183279:d=2026012400:SUNSD:surface:6 hour fcst:
623:433758471:d=2026012400:LFTX:surface:6 hour fcst:
624:434314327:d=2026012400:CAPE:surface:6 hour fcst:
625:434821291:d=2026012400:CIN:surface:6 hour fcst:
653:460210107:d=2026012400:DSWRF:surface:0-6 hour ave fcst:
654:461132759:d=2026012400:DLWRF:surface:0-6 hour ave fcst:
655:462048144:d=2026012400:USWRF:surface:0-6 hour ave fcst:
656:462840396:d=2026012400:ULWRF:surface:0-6 hour ave fcst:
659:465369057:d=2026012400:HLCY:3000-0 m above ground:6 hour fcst:
660:466057752:d=2026012400:USTM:6000-0 m above ground:6 hour fcst:
661:467036740:d=2026012400:VSTM:6000-0 m above ground:6 hour fcst:
675:482519802:d=2026012400:UGRD:20 m above ground:6 hour fcst:
676:483488928:d=2026012400:VGRD:20 m above ground:6 hour fcst:
677:484431414:d=2026012400:UGRD:30 m above ground:6 hour fcst:
678:485409273:d=2026012400:VGRD:30 m above ground:6 hour fcst:
679:486364871:d=2026012400:UGRD:40 m above ground:6 hour fcst:
680:487343235:d=2026012400:VGRD:40 m above ground:6 hour fcst:
681:488300513:d=2026012400:UGRD:50 m above ground:6 hour fcst:
682:489280636:d=2026012400:VGRD:50 m above ground:6 hour fcst:
683:490240197:d=2026012400:TMP:80 m above ground:6 hour fcst:
684:491092059:d=2026012400:SPFH:80 m above ground:6 hour fcst:
685:492381325:d=2026012400:PRES:80 m above ground:6 hour fcst:
686:493219770:d=2026012400:UGRD:80 m above ground:6 hour fcst:
687:494198880:d=2026012400:VGRD:80 m above ground:6 hour fcst:
688:495160595:d=2026012400:TMP:100 m above ground:6 hour fcst:
689:496010047:d=2026012400:UGRD:100 m above ground:6 hour fcst:
690:496988523:d=2026012400:VGRD:100 m above ground:6 hour fcst:
704:509228195:d=2026012400:TMP:30-0 mb above ground:6 hour fcst:
705:510070087:d=2026012400:RH:30-0 mb above ground:6 hour fcst:
706:510860621:d=2026012400:SPFH:30-0 mb above ground:6 hour fcst:
707:512145664:d=2026012400:UGRD:30-0 mb above ground:6 hour fcst:
708:513113926:d=2026012400:VGRD:30-0 mb above ground:6 hour fcst:
709:514067413:d=2026012400:4LFTX:surface:6 hour fcst:
710:514593522:d=2026012400:CAPE:180-0 mb above ground:6 hour fcst:
711:515058591:d=2026012400:CIN:180-0 mb above ground:6 hour fcst:
712:515382214:d=2026012400:HPBL:surface:6 hour fcst:
723:525125278:d=2026012400:CAPE:90-0 mb above ground:6 hour fcst:
724:525549074:d=2026012400:CIN:90-0 mb above ground:6 hour fcst:
725:525883317:d=2026012400:CAPE:255-0 mb above ground:6 hour fcst:
726:526344840:d=2026012400:CIN:255-0 mb above ground:6 hour fcst:
727:526630101:d=2026012400:PLPL:255-0 mb above ground:6 hour fcst:
728:527540541:d=2026012400:LAND:surface:6 hour fcst:
729:527572577:d=2026012400:ICEC:surface:6 hour fcst:
730:527679725:d=2026012400:ALBDO:surface:0-6 hour ave fcst:
731:528366172:d=2026012400:ICETMP:surface:6 hour fcst:
10:4143061:d=2026012400:VIS:surface:9 hour fcst:
14:6446898:d=2026012400:GUST:surface:9 hour fcst:
525:380723602:d=2026012400:HINDEX:surface:9 hour fcst:
559:402807594:d=2026012400:REFD:4000 m above ground:9 hour fcst:
560:403096654:d=2026012400:REFD:1000 m above ground:9 hour fcst:
561:403856377:d=2026012400:PRES:surface:9 hour fcst:
562:404697887:d=2026012400:HGT:surface:9 hour fcst:
563:405190330:d=2026012400:TMP:surface:9 hour fcst:
576:410761659:d=2026012400:CNWAT:surface:9 hour fcst:
577:411078230:d=2026012400:WEASD:surface:9 hour fcst:
578:411610126:d=2026012400:SNOD:surface:9 hour fcst:
579:412181954:d=2026012400:PEVPR:surface:9 hour fcst:
580:412699107:d=2026012400:ICETK:surface:9 hour fcst:
581:412805685:d=2026012400:TMP:2 m above ground:9 hour fcst:
582:413681917:d=2026012400:SPFH:2 m above ground:9 hour fcst:
583:414865807:d=2026012400:DPT:2 m above ground:9 hour fcst:
584:415405370:d=2026012400:RH:2 m above ground:9 hour fcst:
585:416186406:d=2026012400:APTMP:2 m above ground:9 hour fcst:
588:418846373:d=2026012400:UGRD:10 m above ground:9 hour fcst:
589:419819135:d=2026012400:VGRD:10 m above ground:9 hour fcst:
591:420779864:d=2026012400:CPOFP:surface:9 hour fcst:
592:421342734:d=2026012400:CPRAT:surface:9 hour fcst:
593:421918480:d=2026012400:PRATE:surface:9 hour fcst:
594:422493887:d=2026012400:CPRAT:surface:6-9 hour ave fcst:
595:423179834:d=2026012400:PRATE:surface:6-9 hour ave fcst:
596:423773065:d=2026012400:APCP:surface:6-9 hour acc fcst:
597:424071652:d=2026012400:APCP:surface:0-9 hour acc fcst:
598:424457553:d=2026012400:ACPCP:surface:6-9 hour acc fcst:
599:424676809:d=2026012400:ACPCP:surface:0-9 hour acc fcst:
600:424963525:d=2026012400:WATR:surface:6-9 hour acc fcst:
601:425265000:d=2026012400:CSNOW:surface:9 hour fcst:
602:425301433:d=2026012400:CICEP:surface:9 hour fcst:
603:425301949:d=2026012400:CFRZR:surface:9 hour fcst:
604:425303038:d=2026012400:CRAIN:surface:9 hour fcst:
605:425407633:d=2026012400:CSNOW:surface:6-9 hour ave fcst:
606:425437631:d=2026012400:CICEP:surface:6-9 hour ave fcst:
607:425438173:d=2026012400:CFRZR:surface:6-9 hour ave fcst:
608:425439401:d=2026012400:CRAIN:surface:6-9 hour ave fcst:
609:425528859:d=2026012400:LHTFL:surface:6-9 hour ave fcst:
610:426086529:d=2026012400:SHTFL:surface:6-9 hour ave fcst:
611:426966222:d=2026012400:GFLUX:surface:6-9 hour ave fcst:
612:427507462:d=2026012400:UFLX:surface:6-9 hour ave fcst:
613:428190368:d=2026012400:VFLX:surface:6-9 hour ave fcst:
614:428844765:d=2026012400:SFCR:surface:9 hour fcst:
615:429348977:d=2026012400:FRICV:surface:9 hour fcst:
616:430291641:d=2026012400:U-GWD:surface:6-9 hour ave fcst:
617:430560983:d=2026012400:V-GWD:surface:6-9 hour ave fcst:
618:430822858:d=2026012400:VEG:surface:9 hour fcst:
619:431084577:d=2026012400:SOTYP:surface:9 hour fcst:
620:431383036:d=2026012400:WILT:surface:9 hour fcst:
621:431744914:d=2026012400:FLDCP:surface:9 hour fcst:
622:432112058:d=2026012400:SUNSD:surface:9 hour fcst:
623:432435614:d=2026012400:LFTX:surface:9 hour fcst:
624:432988623:d=2026012400:CAPE:surface:9 hour fcst:
625:433495761:d=2026012400:CIN:surface:9 hour fcst:
653:457960029:d=2026012400:DSWRF:surface:6-9 hour ave fcst:
654:458775497:d=2026012400:DLWRF:surface:6-9 hour ave fcst:
655:459720333:d=2026012400:USWRF:surface:6-9 hour ave fcst:
656:460448844:d=2026012400:ULWRF:surface:6-9 hour ave fcst:
659:462935064:d=2026012400:HLCY:3000-0 m above ground:9 hour fcst:
660:463624734:d=2026012400:USTM:6000-0 m above ground:9 hour fcst:
661:464602128:d=2026012400:VSTM:6000-0 m above ground:9 hour fcst:
675:480074088:d=2026012400:UGRD:20 m above ground:9 hour fcst:
676:481044670:d=2026012400:VGRD:20 m above ground:9 hour fcst:
677:481991092:d=2026012400:UGRD:30 m above ground:9 hour fcst:
678:482970162:d=2026012400:VGRD:30 m above ground:9 hour fcst:
679:483925191:d=2026012400:UGRD:40 m above ground:9 hour fcst:
680:484904348:d=2026012400:VGRD:40 m above ground:9 hour fcst:
681:485861137:d=2026012400:UGRD:50 m above ground:9 hour fcst:
682:486841886:d=2026012400:VGRD:50 m above ground:9 hour fcst:
683:487800771:d=2026012400:TMP:80 m above ground:9 hour fcst:
684:488658932:d=2026012400:SPFH:80 m above ground:9 hour fcst:
685:489947696:d=2026012400:PRES:80 m above ground:9 hour fcst:
686:490784745:d=2026012400:UGRD:80 m above ground:9 hour fcst:
687:491765020:d=2026012400:VGRD:80 m above ground:9 hour fcst:
688:492725794:d=2026012400:TMP:100 m above ground:9 hour fcst:
689:493581570:d=2026012400:UGRD:100 m above ground:9 hour fcst:
690:494561035:d=2026012400:VGRD:100 m above ground:9 hour fcst:
704:506859090:d=2026012400:TMP:30-0 mb above ground:9 hour fcst:
705:507703856:d=2026012400:RH:30-0 mb above ground:9 hour fcst:
706:508496684:d=2026012400:SPFH:30-0 mb above ground:9 hour fcst:
707:509780676:d=2026012400:UGRD:30-0 mb above ground:9 hour fcst:
708:510749912:d=2026012400:VGRD:30-0 mb above ground:9 hour fcst:
709:511703105:d=2026012400:4LFTX:surface:9 hour fcst:
710:512229147:d=2026012400:CAPE:180-0 mb above ground:9 hour fcst:
711:512694176:d=2026012400:CIN:180-0 mb above ground:9 hour fcst:
712:513016818:d=2026012400:HPBL:surface:9 hour fcst:
723:522751658:d=2026012400:CAPE:90-0 mb above ground:9 hour fcst:
724:523176890:d=2026012400:CIN:90-0 mb above ground:9 hour fcst:
725:523508202:d=2026012400:CAPE:255-0 mb above ground:9 hour fcst:
726:523969645:d=2026012400:CIN:255-0 mb above ground:9 hour fcst:
727:524267833:d=2026012400:PLPL:255-0 mb above ground:9 hour fcst:
728:525174721:d=2026012400:LAND:surface:9 hour fcst:
729:525206757:d=2026012400:ICEC:surface:9 hour fcst:
730:525313905:d=2026012400:ALBDO:surface:6-9 hour ave fcst:
731:525887161:d=2026012400:ICETMP:surface:9 hour fcst:
10:4121600:d=2026012400:VIS:surface:12 hour fcst:
14:6424179:d=2026012400:GUST:surface:12 hour fcst:
525:381660830:d=2026012400:HINDEX:surface:12 hour fcst:
559:403716877:d=2026012400:REFD:4000 m above ground:12 hour fcst:
560:404011323:d=2026012400:REFD:1000 m above ground:12 hour fcst:
561:404768635:d=2026012400:PRES:surface:12 hour fcst:
562:405610422:d=2026012400:HGT:surface:12 hour fcst:
563:406102865:d=2026012400:TMP:surface:12 hour fcst:
576:411866309:d=2026012400:CNWAT:surface:12 hour fcst:
577:412181803:d=2026012400:WEASD:surface:12 hour fcst:
578:412716335:d=2026012400:SNOD:surface:12 hour fcst:
579:413251925:d=2026012400:PEVPR:surface:12 hour fcst:
580:413766550:d=2026012400:ICETK:surface:12 hour fcst:
581:413873194:d=2026012400:TMP:2 m above ground:12 hour fcst:
582:414752088:d=2026012400:SPFH:2 m above ground:12 hour fcst:
583:415940481:d=2026012400:DPT:2 m above ground:12 hour fcst:
584:416476991:d=2026012400:RH:2 m above ground:12 hour fcst:
585:417257259:d=2026012400:APTMP:2 m above ground:12 hour fcst:
588:419914159:d=2026012400:UGRD:10 m above ground:12 hour fcst:
589:420884118:d=2026012400:VGRD:10 m above ground:12 hour fcst:
591:421845354:d=2026012400:CPOFP:surface:12 hour fcst:
592:422399565:d=2026012400:CPRAT:surface:12 hour fcst:
593:423044058:d=2026012400:PRATE:surface:12 hour fcst:
594:423618910:d=2026012400:CPRAT:surface:6-12 hour ave fcst:
595:424297009:d=2026012400:PRATE:surface:6-12 hour ave fcst:
596:424963742:d=2026012400:APCP:surface:6-12 hour acc fcst:
597:425312844:d=2026012400:APCP:surface:0-12 hour acc fcst:
598:425726675:d=2026012400:ACPCP:surface:6-12 hour acc fcst:
599:425984679:d=2026012400:ACPCP:surface:0-12 hour acc fcst:
600:426291887:d=2026012400:WATR:surface:6-12 hour acc fcst:
601:426619914:d=2026012400:CSNOW:surface:12 hour fcst:
602:426655737:d=2026012400:CICEP:surface:12 hour fcst:
603:426656321:d=2026012400:CFRZR:surface:12 hour fcst:
604:426657283:d=2026012400:CRAIN:surface:12 hour fcst:
605:426760781:d=2026012400:CSNOW:surface:6-12 hour ave fcst:
606:426789629:d=2026012400:CICEP:surface:6-12 hour ave fcst:
607:426790248:d=2026012400:CFRZR:surface:6-12 hour ave fcst:
608:426791399:d=2026012400:CRAIN:surface:6-12 hour ave fcst:
609:426874564:d=2026012400:LHTFL:surface:6-12 hour ave fcst:
610:427411109:d=2026012400:SHTFL:surface:6-12 hour ave fcst:
611:428267187:d=2026012400:GFLUX:surface:6-12 hour ave fcst:
612:428804257:d=2026012400:UFLX:surface:6-12 hour ave fcst:
613:429459125:d=2026012400:VFLX:surface:6-12 hour ave fcst:
614:430083114:d=2026012400:SFCR:surface:12 hour fcst:
615:430586746:d=2026012400:FRICV:surface:12 hour fcst:
616:431530007:d=2026012400:U-GWD:surface:6-12 hour ave fcst:
617:431800937:d=2026012400:V-GWD:surface:6-12 hour ave fcst:
618:432064963:d=2026012400:VEG:surface:12 hour fcst:
619:432326682:d=2026012400:SOTYP:surface:12 hour fcst:
620:432625141:d=2026012400:WILT:surface:12 hour fcst:
621:432987019:d=2026012400:FLDCP:surface:12 hour fcst:
622:433354163:d=2026012400:SUNSD:surface:12 hour fcst:
623:433923071:d=2026012400:LFTX:surface:12 hour fcst:
624:434476482:d=2026012400:CAPE:surface:12 hour fcst:
625:434983933:d=2026012400:CIN:surface:12 hour fcst:
653:460383279:d=2026012400:DSWRF:surface:6-12 hour ave fcst:
654:461306426:d=2026012400:DLWRF:surface:6-12 hour ave fcst:
655:462219386:d=2026012400:USWRF:surface:6-12 hour ave fcst:
656:463028895:d=2026012400:ULWRF:surface:6-12 hour ave fcst:
659:465571497:d=2026012400:HLCY:3000-0 m above ground:12 hour fcst:
660:466262078:d=2026012400:USTM:6000-0 m above ground:12 hour fcst:
661:467238957:d=2026012400:VSTM:6000-0 m above ground:12 hour fcst:
675:482712829:d=2026012400:UGRD:20 m above ground:12 hour fcst:
676:483680132:d=2026012400:VGRD:20 m above ground:12 hour fcst:
677:484626562:d=2026012400:UGRD:30 m above ground:12 hour fcst:
678:485602986:d=2026012400:VGRD:30 m above ground:12 hour fcst:
679:486557982:d=2026012400:UGRD:40 m above ground:12 hour fcst:
680:487534740:d=2026012400:VGRD:40 m above ground:12 hour fcst:
681:488491997:d=2026012400:UGRD:50 m above ground:12 hour fcst:
682:489469596:d=2026012400:VGRD:50 m above ground:12 hour fcst:
683:490429127:d=2026012400:TMP:80 m above ground:12 hour fcst:
684:491283899:d=2026012400:SPFH:80 m above ground:12 hour fcst:
685:492571377:d=2026012400:PRES:80 m above ground:12 hour fcst:
686:493408884:d=2026012400:UGRD:80 m above ground:12 hour fcst:
687:494385940:d=2026012400:VGRD:80 m above ground:12 hour fcst:
688:495347113:d=2026012400:TMP:100 m above ground:12 hour fcst:
689:496199463:d=2026012400:UGRD:100 m above ground:12 hour fcst:
690:497179414:d=2026012400:VGRD:100 m above ground:12 hour fcst:
704:509484799:d=2026012400:TMP:30-0 mb above ground:12 hour fcst:
705:510330221:d=2026012400:RH:30-0 mb above ground:12 hour fcst:
706:511122140:d=2026012400:SPFH:30-0 mb above ground:12 hour fcst:
707:512405361:d=2026012400:UGRD:30-0 mb above ground:12 hour fcst:
708:513374824:d=2026012400:VGRD:30-0 mb above ground:12 hour fcst:
709:514327765:d=2026012400:4LFTX:surface:12 hour fcst:
710:514853468:d=2026012400:CAPE:180-0 mb above ground:12 hour fcst:
711:515319165:d=2026012400:CIN:180-0 mb above ground:12 hour fcst:
712:515625495:d=2026012400:HPBL:surface:12 hour fcst:
723:525493868:d=2026012400:CAPE:90-0 mb above ground:12 hour fcst:
724:525919398:d=2026012400:CIN:90-0 mb above ground:12 hour fcst:
725:526243412:d=2026012400:CAPE:255-0 mb above ground:12 hour fcst:
726:526705656:d=2026012400:CIN:255-0 mb above ground:12 hour fcst:
727:526979015:d=2026012400:PLPL:255-0 mb above ground:12 hour fcst:
728:527884275:d=2026012400:LAND:surface:12 hour fcst:
729:527916311:d=2026012400:ICEC:surface:12 hour fcst:
730:528023459:d=2026012400:ALBDO:surface:6-12 hour ave fcst:
731:528732707:d=2026012400:ICETMP:surface:12 hour fcst:
